2022.02.14 07:11:33 INFO  tracing is disabled for protocol LSP, to enable tracing of incoming and outgoing JSON messages create an empty file at e:\Big-Data\team2-p2\.metals\lsp.trace.json or C:\Users\Work\AppData\Local\scalameta\metals\cache\lsp.trace.json
2022.02.14 07:11:34 INFO  logging to file E:\Big-Data\team2-p2\.metals\metals.log
2022.02.14 07:11:34 INFO  Started: Metals version 0.11.1 in workspace 'E:\Big-Data\team2-p2' for client Visual Studio Code 1.64.2.
2022.02.14 07:11:34 INFO  Parse release: 1.8.0_292
2022.02.14 07:11:35 INFO  time: initialize in 0.93s
2022.02.14 07:11:35 WARN  Build server is not auto-connectable.
2022.02.14 07:11:35 WARN  no build target for: E:\Big-Data\team2-p2\src\main\scala\Project2.scala
2022.02.14 07:11:37 INFO  no build target found for E:\Big-Data\team2-p2\src\main\scala\Project2.scala. Using presentation compiler with project's scala-library version: 3.1.0
2022.02.14 07:11:38 INFO  time: code lens generation in 2.44s
2022.02.14 07:11:44 ERROR text document: file:///e:/Big-Data/team2-p2/src/main/scala/Project2.scala
java.nio.file.NoSuchFileException: e:\Big-Data\team2-p2\src\main\scala\Project2.scala
	at sun.nio.fs.WindowsException.translateToIOException(WindowsException.java:79)
	at sun.nio.fs.WindowsException.rethrowAsIOException(WindowsException.java:97)
	at sun.nio.fs.WindowsException.rethrowAsIOException(WindowsException.java:102)
	at sun.nio.fs.WindowsFileSystemProvider.newByteChannel(WindowsFileSystemProvider.java:230)
	at java.nio.file.Files.newByteChannel(Files.java:361)
	at java.nio.file.Files.newByteChannel(Files.java:407)
	at java.nio.file.Files.readAllBytes(Files.java:3152)
	at scala.meta.internal.io.PlatformFileIO$.slurp(PlatformFileIO.scala:45)
	at scala.meta.internal.io.FileIO$.slurp(FileIO.scala:24)
	at scala.meta.internal.metals.InteractiveSemanticdbs.$anonfun$textDocument$2(InteractiveSemanticdbs.scala:90)
	at scala.Option.getOrElse(Option.scala:189)
	at scala.meta.internal.metals.InteractiveSemanticdbs.$anonfun$textDocument$1(InteractiveSemanticdbs.scala:90)
	at java.util.HashMap.compute(HashMap.java:1197)
	at java.util.Collections$SynchronizedMap.compute(Collections.java:2684)
	at scala.meta.internal.metals.InteractiveSemanticdbs.textDocument(InteractiveSemanticdbs.scala:89)
	at scala.meta.internal.metals.InteractiveSemanticdbs.textDocument(InteractiveSemanticdbs.scala:63)
	at scala.meta.internal.metals.AggregateSemanticdbs.loop$1(AggregateSemanticdbs.scala:30)
	at scala.meta.internal.metals.AggregateSemanticdbs.textDocument(AggregateSemanticdbs.scala:36)
	at scala.meta.internal.metals.DocumentHighlightProvider.documentHighlight(DocumentHighlightProvider.scala:26)
	at scala.meta.internal.metals.MetalsLanguageServer.$anonfun$documentHighlights$1(MetalsLanguageServer.scala:1428)
	at scala.meta.internal.metals.CancelTokens$.$anonfun$apply$2(CancelTokens.scala:26)
	at scala.concurrent.Future$.$anonfun$apply$1(Future.scala:659)
	at scala.util.Success.$anonfun$map$1(Try.scala:255)
	at scala.util.Success.map(Try.scala:213)
	at scala.concurrent.Future.$anonfun$map$1(Future.scala:292)
	at scala.concurrent.impl.Promise.liftedTree1$1(Promise.scala:33)
	at scala.concurrent.impl.Promise.$anonfun$transform$1(Promise.scala:33)
	at scala.concurrent.impl.CallbackRunnable.run(Promise.scala:64)
	at java.util.concurrent.ThreadPoolExecutor.runWorker(ThreadPoolExecutor.java:1149)
	at java.util.concurrent.ThreadPoolExecutor$Worker.run(ThreadPoolExecutor.java:624)
	at java.lang.Thread.run(Thread.java:748)

2022.02.14 07:11:45 ERROR text document: file:///e:/Big-Data/team2-p2/src/main/scala/Project2.scala
java.nio.file.NoSuchFileException: e:\Big-Data\team2-p2\src\main\scala\Project2.scala
	at sun.nio.fs.WindowsException.translateToIOException(WindowsException.java:79)
	at sun.nio.fs.WindowsException.rethrowAsIOException(WindowsException.java:97)
	at sun.nio.fs.WindowsException.rethrowAsIOException(WindowsException.java:102)
	at sun.nio.fs.WindowsFileSystemProvider.newByteChannel(WindowsFileSystemProvider.java:230)
	at java.nio.file.Files.newByteChannel(Files.java:361)
	at java.nio.file.Files.newByteChannel(Files.java:407)
	at java.nio.file.Files.readAllBytes(Files.java:3152)
	at scala.meta.internal.io.PlatformFileIO$.slurp(PlatformFileIO.scala:45)
	at scala.meta.internal.io.FileIO$.slurp(FileIO.scala:24)
	at scala.meta.internal.metals.InteractiveSemanticdbs.$anonfun$textDocument$2(InteractiveSemanticdbs.scala:90)
	at scala.Option.getOrElse(Option.scala:189)
	at scala.meta.internal.metals.InteractiveSemanticdbs.$anonfun$textDocument$1(InteractiveSemanticdbs.scala:90)
	at java.util.HashMap.compute(HashMap.java:1197)
	at java.util.Collections$SynchronizedMap.compute(Collections.java:2684)
	at scala.meta.internal.metals.InteractiveSemanticdbs.textDocument(InteractiveSemanticdbs.scala:89)
	at scala.meta.internal.metals.InteractiveSemanticdbs.textDocument(InteractiveSemanticdbs.scala:63)
	at scala.meta.internal.metals.AggregateSemanticdbs.loop$1(AggregateSemanticdbs.scala:30)
	at scala.meta.internal.metals.AggregateSemanticdbs.textDocument(AggregateSemanticdbs.scala:36)
	at scala.meta.internal.metals.CodeLensProvider.findLenses(CodeLensProvider.scala:22)
	at scala.meta.internal.metals.MetalsLanguageServer.$anonfun$codeLens$2(MetalsLanguageServer.scala:1605)
	at scala.meta.internal.metals.TimerProvider.timedThunk(TimerProvider.scala:25)
	at scala.meta.internal.metals.MetalsLanguageServer.$anonfun$codeLens$1(MetalsLanguageServer.scala:1603)
	at scala.meta.internal.metals.CancelTokens$.$anonfun$apply$2(CancelTokens.scala:26)
	at scala.concurrent.Future$.$anonfun$apply$1(Future.scala:659)
	at scala.util.Success.$anonfun$map$1(Try.scala:255)
	at scala.util.Success.map(Try.scala:213)
	at scala.concurrent.Future.$anonfun$map$1(Future.scala:292)
	at scala.concurrent.impl.Promise.liftedTree1$1(Promise.scala:33)
	at scala.concurrent.impl.Promise.$anonfun$transform$1(Promise.scala:33)
	at scala.concurrent.impl.CallbackRunnable.run(Promise.scala:64)
	at java.util.concurrent.ThreadPoolExecutor.runWorker(ThreadPoolExecutor.java:1149)
	at java.util.concurrent.ThreadPoolExecutor$Worker.run(ThreadPoolExecutor.java:624)
	at java.lang.Thread.run(Thread.java:748)

2022.02.14 07:11:49 INFO  running 'C:\Users\Work\.jabba\jdk\adopt@1.8.0-292\bin\java -Djline.terminal=jline.UnsupportedTerminal -Dsbt.log.noformat=true -Dfile.encoding=UTF-8 -Dsbt.version=1.6.1 -jar C:\Users\Work\AppData\Local\Temp\metals6690954652500682707\sbt-launch.jar -Dbloop.export-jar-classifiers=sources bloopInstall'
2022.02.14 07:11:50 ERROR text document: file:///e:/Big-Data/team2-p2/src/main/scala/Project2.scala
java.nio.file.NoSuchFileException: e:\Big-Data\team2-p2\src\main\scala\Project2.scala
	at sun.nio.fs.WindowsException.translateToIOException(WindowsException.java:79)
	at sun.nio.fs.WindowsException.rethrowAsIOException(WindowsException.java:97)
	at sun.nio.fs.WindowsException.rethrowAsIOException(WindowsException.java:102)
	at sun.nio.fs.WindowsFileSystemProvider.newByteChannel(WindowsFileSystemProvider.java:230)
	at java.nio.file.Files.newByteChannel(Files.java:361)
	at java.nio.file.Files.newByteChannel(Files.java:407)
	at java.nio.file.Files.readAllBytes(Files.java:3152)
	at scala.meta.internal.io.PlatformFileIO$.slurp(PlatformFileIO.scala:45)
	at scala.meta.internal.io.FileIO$.slurp(FileIO.scala:24)
	at scala.meta.internal.metals.InteractiveSemanticdbs.$anonfun$textDocument$2(InteractiveSemanticdbs.scala:90)
	at scala.Option.getOrElse(Option.scala:189)
	at scala.meta.internal.metals.InteractiveSemanticdbs.$anonfun$textDocument$1(InteractiveSemanticdbs.scala:90)
	at java.util.HashMap.compute(HashMap.java:1197)
	at java.util.Collections$SynchronizedMap.compute(Collections.java:2684)
	at scala.meta.internal.metals.InteractiveSemanticdbs.textDocument(InteractiveSemanticdbs.scala:89)
	at scala.meta.internal.metals.InteractiveSemanticdbs.textDocument(InteractiveSemanticdbs.scala:63)
	at scala.meta.internal.metals.AggregateSemanticdbs.loop$1(AggregateSemanticdbs.scala:30)
	at scala.meta.internal.metals.AggregateSemanticdbs.textDocument(AggregateSemanticdbs.scala:36)
	at scala.meta.internal.metals.CodeLensProvider.findLenses(CodeLensProvider.scala:22)
	at scala.meta.internal.metals.MetalsLanguageServer.$anonfun$codeLens$2(MetalsLanguageServer.scala:1605)
	at scala.meta.internal.metals.TimerProvider.timedThunk(TimerProvider.scala:25)
	at scala.meta.internal.metals.MetalsLanguageServer.$anonfun$codeLens$1(MetalsLanguageServer.scala:1603)
	at scala.meta.internal.metals.CancelTokens$.$anonfun$apply$2(CancelTokens.scala:26)
	at scala.concurrent.Future$.$anonfun$apply$1(Future.scala:659)
	at scala.util.Success.$anonfun$map$1(Try.scala:255)
	at scala.util.Success.map(Try.scala:213)
	at scala.concurrent.Future.$anonfun$map$1(Future.scala:292)
	at scala.concurrent.impl.Promise.liftedTree1$1(Promise.scala:33)
	at scala.concurrent.impl.Promise.$anonfun$transform$1(Promise.scala:33)
	at scala.concurrent.impl.CallbackRunnable.run(Promise.scala:64)
	at java.util.concurrent.ThreadPoolExecutor.runWorker(ThreadPoolExecutor.java:1149)
	at java.util.concurrent.ThreadPoolExecutor$Worker.run(ThreadPoolExecutor.java:624)
	at java.lang.Thread.run(Thread.java:748)

2022.02.14 07:11:51 INFO  [info] Updated file E:\Big-Data\team2-p2\project\build.properties: set sbt.version to 1.6.1
2022.02.14 07:11:51 INFO  [info] welcome to sbt 1.6.1 (AdoptOpenJDK Java 1.8.0_292)
2022.02.14 07:11:53 INFO  [info] loading settings for project team2-p2-build-build from metals.sbt ...
2022.02.14 07:11:53 INFO  [info] loading project definition from E:\Big-Data\team2-p2\project\project
2022.02.14 07:11:55 INFO  [info] loading settings for project team2-p2-build from metals.sbt ...
2022.02.14 07:11:55 INFO  [info] loading project definition from E:\Big-Data\team2-p2\project
2022.02.14 07:11:57 INFO  [success] Generated .bloop\team2-p2-build.json
2022.02.14 07:11:57 INFO  [success] Total time: 2 s, completed Feb 14, 2022 7:11:57 AM
2022.02.14 07:11:57 INFO  [info] set current project to team2-p2 (in build file:/E:/Big-Data/team2-p2/)
2022.02.14 07:11:57 INFO  [success] Generated .bloop\team2-p2-test.json
2022.02.14 07:11:57 INFO  [success] Generated .bloop\team2-p2.json
2022.02.14 07:11:57 INFO  [success] Total time: 0 s, completed Feb 14, 2022 7:11:57 AM
2022.02.14 07:11:57 INFO  time: ran 'sbt bloopInstall' in 8.3s
2022.02.14 07:11:57 INFO  Attempting to connect to the build server...
2022.02.14 07:11:57 INFO  tracing is disabled for protocol BSP, to enable tracing of incoming and outgoing JSON messages create an empty file at E:\Big-Data\team2-p2\.metals\bsp.trace.json or C:\Users\Work\AppData\Local\scalameta\metals\cache\bsp.trace.json
2022.02.14 07:11:57 INFO  Attempting to connect to the build server...
2022.02.14 07:11:57 INFO  tracing is disabled for protocol BSP, to enable tracing of incoming and outgoing JSON messages create an empty file at E:\Big-Data\team2-p2\project\.metals\bsp.trace.json or C:\Users\Work\AppData\Local\scalameta\metals\cache\bsp.trace.json
2022.02.14 07:11:57 INFO  time: Connected to build server in 0.13s
2022.02.14 07:11:57 INFO  Connected to Build server: Bloop v1.4.12
2022.02.14 07:12:01 INFO  time: indexed workspace in 3.24s
